app/build/intermediates/manifest_merge_blame_file/debug/processDebugMainManifest/manifest-merger-blame-debug-report.txt
1<?xml version="1.0" encoding="utf-8"?>
2<manifest xmlns:android="http://schemas.android.com/apk/res/android"
3    package="com.example.milkshop"
4    android:versionCode="1"
5    android:versionName="1.0" >
6
7    <uses-sdk
8        android:minSdkVersion="24"
9        android:targetSdkVersion="33" />
10
11    <uses-permission android:name="android.permission.INTERNET" />
11-->src\main\AndroidManifest.xml:4:5-67
11-->src\main\AndroidManifest.xml:4:22-64
12
13    <permission
13-->[androidx.core:core:1.9.0] AndroidManifest.xml:22:5-24:47
14        android:name="com.example.milkshop.DYNAMIC_RECEIVER_NOT_EXPORTED_PERMISSION"
14-->[androidx.core:core:1.9.0] AndroidManifest.xml:23:9-81
15        android:protectionLevel="signature" />
15-->[androidx.core:core:1.9.0] AndroidManifest.xml:24:9-44
16
17    <uses-permission android:name="com.example.milkshop.DYNAMIC_RECEIVER_NOT_EXPORTED_PERMISSION" />
17-->[androidx.core:core:1.9.0] AndroidManifest.xml:26:5-97
17-->[androidx.core:core:1.9.0] AndroidManifest.xml:26:22-94
18
19    <application
19-->src\main\AndroidManifest.xml:6:5-40:19
20        android:allowBackup="true"
20-->src\main\AndroidManifest.xml:7:9-35
21        android:appComponentFactory="androidx.core.app.CoreComponentFactory"
21-->[androidx.core:core:1.9.0] AndroidManifest.xml:28:18-86
22        android:debuggable="true"
23        android:extractNativeLibs="false"
24        android:icon="@drawable/ic_launcher_background"
24-->src\main\AndroidManifest.xml:8:9-56
25        android:label="@string/app_name"
25-->src\main\AndroidManifest.xml:9:9-41
26        android:roundIcon="@drawable/ic_launcher_background"
26-->src\main\AndroidManifest.xml:10:9-61
27        android:supportsRtl="true"
27-->src\main\AndroidManifest.xml:11:9-35
28        android:testOnly="true"
29        android:theme="@style/Theme.MilkShop"
29-->src\main\AndroidManifest.xml:12:9-46
30        android:usesCleartextTraffic="true" >
30-->src\main\AndroidManifest.xml:13:9-44
31        <activity
31-->src\main\AndroidManifest.xml:15:9-22:20
32            android:name="com.example.milkshop.MainActivity"
32-->src\main\AndroidManifest.xml:16:13-41
33            android:exported="true" >
33-->src\main\AndroidManifest.xml:17:13-36
34            <intent-filter>
34-->src\main\AndroidManifest.xml:18:13-21:29
35                <action android:name="android.intent.action.MAIN" />
35-->src\main\AndroidManifest.xml:19:17-69
35-->src\main\AndroidManifest.xml:19:25-66
36
37                <category android:name="android.intent.category.LAUNCHER" />
37-->src\main\AndroidManifest.xml:20:17-77
37-->src\main\AndroidManifest.xml:20:27-74
38            </intent-filter>
39        </activity>
40        <activity
40-->src\main\AndroidManifest.xml:24:9-26:39
41            android:name="com.example.milkshop.ui.auth.LoginActivity"
41-->src\main\AndroidManifest.xml:25:13-50
42            android:exported="true" />
42-->src\main\AndroidManifest.xml:26:13-36
43        <activity android:name="com.example.milkshop.ui.auth.RegisterActivity" />
43-->src\main\AndroidManifest.xml:27:9-62
43-->src\main\AndroidManifest.xml:27:19-59
44        <activity android:name="com.example.milkshop.ui.auth.VerificationActivity" />
44-->src\main\AndroidManifest.xml:28:9-66
44-->src\main\AndroidManifest.xml:28:19-63
45        <activity android:name="com.example.milkshop.ui.auth.PreRegisterActivity" />
45-->src\main\AndroidManifest.xml:29:9-65
45-->src\main\AndroidManifest.xml:29:19-62
46        <activity android:name="com.example.milkshop.ui.seller.SellerDashboardActivity" />
46-->src\main\AndroidManifest.xml:30:9-71
46-->src\main\AndroidManifest.xml:30:19-68
47        <activity android:name="com.example.milkshop.ui.seller.SellerProductsActivity" />
47-->src\main\AndroidManifest.xml:31:9-70
47-->src\main\AndroidManifest.xml:31:19-67
48        <activity android:name="com.example.milkshop.ui.seller.AddProductActivity" />
48-->src\main\AndroidManifest.xml:32:9-66
48-->src\main\AndroidManifest.xml:32:19-63
49        <activity android:name="com.example.milkshop.ui.product.ProductDetailActivity" />
49-->src\main\AndroidManifest.xml:33:9-70
49-->src\main\AndroidManifest.xml:33:19-67
50        <activity android:name="com.example.milkshop.ui.cart.CartActivity" />
50-->src\main\AndroidManifest.xml:34:9-58
50-->src\main\AndroidManifest.xml:34:19-55
51        <activity android:name="com.example.milkshop.ui.checkout.CheckoutActivity" />
51-->src\main\AndroidManifest.xml:35:9-66
51-->src\main\AndroidManifest.xml:35:19-63
52        <activity android:name="com.example.milkshop.ui.profile.ProfileActivity" />
52-->src\main\AndroidManifest.xml:36:9-64
52-->src\main\AndroidManifest.xml:36:19-61
53        <activity android:name="com.example.milkshop.ui.profile.VoucherActivity" />
53-->src\main\AndroidManifest.xml:37:9-64
53-->src\main\AndroidManifest.xml:37:19-61
54        <activity android:name="com.example.milkshop.ui.profile.ConversationListActivity" />
54-->src\main\AndroidManifest.xml:38:9-73
54-->src\main\AndroidManifest.xml:38:19-70
55
56        <provider
56-->[androidx.emoji2:emoji2:1.2.0] AndroidManifest.xml:24:9-32:20
57            android:name="androidx.startup.InitializationProvider"
57-->[androidx.emoji2:emoji2:1.2.0] AndroidManifest.xml:25:13-67
58            android:authorities="com.example.milkshop.androidx-startup"
58-->[androidx.emoji2:emoji2:1.2.0] AndroidManifest.xml:26:13-68
59            android:exported="false" >
59-->[androidx.emoji2:emoji2:1.2.0] AndroidManifest.xml:27:13-37
60            <meta-data
60-->[androidx.emoji2:emoji2:1.2.0] AndroidManifest.xml:29:13-31:52
61                android:name="androidx.emoji2.text.EmojiCompatInitializer"
61-->[androidx.emoji2:emoji2:1.2.0] AndroidManifest.xml:30:17-75
62                android:value="androidx.startup" />
62-->[androidx.emoji2:emoji2:1.2.0] AndroidManifest.xml:31:17-49
63            <meta-data
63-->[androidx.lifecycle:lifecycle-process:2.6.1] AndroidManifest.xml:29:13-31:52
64                android:name="androidx.lifecycle.ProcessLifecycleInitializer"
64-->[androidx.lifecycle:lifecycle-process:2.6.1] AndroidManifest.xml:30:17-78
65                android:value="androidx.startup" />
65-->[androidx.lifecycle:lifecycle-process:2.6.1] AndroidManifest.xml:31:17-49
66            <meta-data
66-->[androidx.profileinstaller:profileinstaller:1.3.0] AndroidManifest.xml:29:13-31:52
67                android:name="androidx.profileinstaller.ProfileInstallerInitializer"
67-->[androidx.profileinstaller:profileinstaller:1.3.0] AndroidManifest.xml:30:17-85
68                android:value="androidx.startup" />
68-->[androidx.profileinstaller:profileinstaller:1.3.0] AndroidManifest.xml:31:17-49
69        </provider>
70
71        <receiver
71-->[androidx.profileinstaller:profileinstaller:1.3.0] AndroidManifest.xml:34:9-52:20
72            android:name="androidx.profileinstaller.ProfileInstallReceiver"
72-->[androidx.profileinstaller:profileinstaller:1.3.0] AndroidManifest.xml:35:13-76
73            android:directBootAware="false"
73-->[androidx.profileinstaller:profileinstaller:1.3.0] AndroidManifest.xml:36:13-44
74            android:enabled="true"
74-->[androidx.profileinstaller:profileinstaller:1.3.0] AndroidManifest.xml:37:13-35
75            android:exported="true"
75-->[androidx.profileinstaller:profileinstaller:1.3.0] AndroidManifest.xml:38:13-36
76            android:permission="android.permission.DUMP" >
76-->[androidx.profileinstaller:profileinstaller:1.3.0] AndroidManifest.xml:39:13-57
77            <intent-filter>
77-->[androidx.profileinstaller:profileinstaller:1.3.0] AndroidManifest.xml:40:13-42:29
78                <action android:name="androidx.profileinstaller.action.INSTALL_PROFILE" />
78-->[androidx.profileinstaller:profileinstaller:1.3.0] AndroidManifest.xml:41:17-91
78-->[androidx.profileinstaller:profileinstaller:1.3.0] AndroidManifest.xml:41:25-88
79            </intent-filter>
80            <intent-filter>
80-->[androidx.profileinstaller:profileinstaller:1.3.0] AndroidManifest.xml:43:13-45:29
81                <action android:name="androidx.profileinstaller.action.SKIP_FILE" />
81-->[androidx.profileinstaller:profileinstaller:1.3.0] AndroidManifest.xml:44:17-85
81-->[androidx.profileinstaller:profileinstaller:1.3.0] AndroidManifest.xml:44:25-82
82            </intent-filter>
83            <intent-filter>
83-->[androidx.profileinstaller:profileinstaller:1.3.0] AndroidManifest.xml:46:13-48:29
84                <action android:name="androidx.profileinstaller.action.SAVE_PROFILE" />
84-->[androidx.profileinstaller:profileinstaller:1.3.0] AndroidManifest.xml:47:17-88
84-->[androidx.profileinstaller:profileinstaller:1.3.0] AndroidManifest.xml:47:25-85
85            </intent-filter>
86            <intent-filter>
86-->[androidx.profileinstaller:profileinstaller:1.3.0] AndroidManifest.xml:49:13-51:29
87                <action android:name="androidx.profileinstaller.action.BENCHMARK_OPERATION" />
87-->[androidx.profileinstaller:profileinstaller:1.3.0] AndroidManifest.xml:50:17-95
87-->[androidx.profileinstaller:profileinstaller:1.3.0] AndroidManifest.xml:50:25-92
88            </intent-filter>
89        </receiver>
90    </application>
91
92</manifest>